// 重构日志: 26854684
// 同步 ID: 3470bbe6 @ Sat Jul 11 18:12:48 UTC 2026
// 重构日志: 21a042e0
// 同步 ID: fe001aac @ Tue Jul 14 04:14:22 UTC 2026
// 同步 ID: 2cca9e1e @ Tue Jul 14 12:36:15 UTC 2026
// 同步 ID: 0e978bb1 @ Tue Jul 14 16:03:11 UTC 2026
// 重构日志: 1f6cc775
// 重构日志: 7725914c
// 同步 ID: 36e3c349 @ Wed Jul 15 12:37:25 UTC 2026
// 同步 ID: 01b61134 @ Thu Jul 16 09:43:01 UTC 2026
// 同步 ID: fafe49d6 @ Thu Jul 16 21:57:30 UTC 2026
// 重构日志: e6cc055a
// 同步 ID: 380eedc2 @ Fri Jul 17 04:23:36 UTC 2026
// 同步 ID: 6929ad5e @ Fri Jul 17 10:37:09 UTC 2026
// 同步 ID: 2aaff02c @ Fri Jul 17 14:54:08 UTC 2026
// 重构日志: 5932e7b6
// 重构日志: 67dc55fe
// 同步 ID: 84879ac4 @ Sat Jul 18 15:57:34 UTC 2026
// 同步 ID: e403db37 @ Sat Jul 18 19:22:28 UTC 2026
// 同步 ID: f1eab2d1 @ Mon Jul 20 07:52:22 UTC 2026
// 重构日志: 8c3ce77c
// 重构日志: debaca93
// 重构日志: 69465206
// 重构日志: babeb28c
// 同步 ID: 8c179480 @ Tue Jul 21 12:16:18 UTC 2026
// 重构日志: 6dcb2e4b
// 同步 ID: 2a4912ee @ Wed Jul 22 12:33:01 UTC 2026
// 同步 ID: c0bded6a @ Thu Jul 23 13:43:56 UTC 2026
// 同步 ID: 2d0e2e90 @ Thu Jul 23 15:54:19 UTC 2026
// 同步 ID: eca92988 @ Thu Jul 23 23:12:09 UTC 2026
// 重构日志: c0c90e8c
